<?xml version="1.0" encoding="UTF-8"?>
<robot generator="Robot 5.0 (Python 3.6.6 on darwin)" generated="20220407 17:45:02.934" rpa="false" schemaversion="3">
<suite id="s1" name="Shopping" source="/Users/anish/PycharmProjects/RobotFw/Tests/Flipkart/FunctionalTestSuite/shopping.robot">
<test id="s1-t1" name="Google search" line="9">
<kw name="start test case" library="mykeywords">
<kw name="Open Browser" library="SeleniumLibrary">
<arg>${url}</arg>
<arg>chrome</arg>
<doc>Opens a new browser instance to the optional ``url``.</doc>
<msg timestamp="20220407 17:45:03.173" level="INFO">Opening browser 'chrome' to base url 'https://www.google.com/'.</msg>
<status status="PASS" starttime="20220407 17:45:03.172" endtime="20220407 17:45:06.808"/>
</kw>
<kw name="Maximize Browser Window" library="SeleniumLibrary">
<doc>Maximizes current browser window.</doc>
<status status="PASS" starttime="20220407 17:45:06.808" endtime="20220407 17:45:06.946"/>
</kw>
<status status="PASS" starttime="20220407 17:45:03.172" endtime="20220407 17:45:06.946"/>
</kw>
<kw name="Input Text" library="SeleniumLibrary">
<arg>name:q</arg>
<arg>${search_flipkart}</arg>
<doc>Types the given ``text`` into the text field identified by ``locator``.</doc>
<msg timestamp="20220407 17:45:06.948" level="INFO">Typing text 'Flipkart' into text field 'name:q'.</msg>
<status status="PASS" starttime="20220407 17:45:06.947" endtime="20220407 17:45:07.050"/>
</kw>
<kw name="Submit Form" library="SeleniumLibrary">
<doc>Submits a form identified by ``locator``.</doc>
<msg timestamp="20220407 17:45:07.051" level="INFO">Submitting form 'None'.</msg>
<status status="PASS" starttime="20220407 17:45:07.051" endtime="20220407 17:45:08.296"/>
</kw>
<kw name="Click Element" library="SeleniumLibrary">
<arg>class:LC20lb</arg>
<doc>Click the element identified by ``locator``.</doc>
<msg timestamp="20220407 17:45:08.297" level="INFO">Clicking element 'class:LC20lb'.</msg>
<status status="PASS" starttime="20220407 17:45:08.297" endtime="20220407 17:45:11.103"/>
</kw>
<doc>google search test</doc>
<tag>google</tag>
<status status="PASS" starttime="20220407 17:45:03.170" endtime="20220407 17:45:11.103"/>
</test>
<test id="s1-t2" name="Flipkart product search" line="17">
<kw name="Sleep" library="BuiltIn">
<arg>2s</arg>
<doc>Pauses the test executed for the given time.</doc>
<msg timestamp="20220407 17:45:13.107" level="INFO">Slept 2 seconds</msg>
<status status="PASS" starttime="20220407 17:45:11.105" endtime="20220407 17:45:13.107"/>
</kw>
<kw name="Click Button" library="SeleniumLibrary">
<arg>class:_2KpZ6l</arg>
<doc>Clicks the button identified by ``locator``.</doc>
<msg timestamp="20220407 17:45:13.107" level="INFO">Clicking button 'class:_2KpZ6l'.</msg>
<status status="PASS" starttime="20220407 17:45:13.107" endtime="20220407 17:45:13.248"/>
</kw>
<kw name="flipkart search" library="mykeywords">
<kw name="Input Text" library="SeleniumLibrary">
<arg>name:q</arg>
<arg>${search_product}</arg>
<doc>Types the given ``text`` into the text field identified by ``locator``.</doc>
<msg timestamp="20220407 17:45:13.250" level="INFO">Typing text 'iphone13' into text field 'name:q'.</msg>
<status status="PASS" starttime="20220407 17:45:13.249" endtime="20220407 17:45:13.339"/>
</kw>
<kw name="Click Button" library="SeleniumLibrary">
<arg>class:L0Z3Pu</arg>
<doc>Clicks the button identified by ``locator``.</doc>
<msg timestamp="20220407 17:45:13.340" level="INFO">Clicking button 'class:L0Z3Pu'.</msg>
<status status="PASS" starttime="20220407 17:45:13.339" endtime="20220407 17:45:13.406"/>
</kw>
<status status="PASS" starttime="20220407 17:45:13.249" endtime="20220407 17:45:13.406"/>
</kw>
<kw name="Sleep" library="BuiltIn">
<arg>2s</arg>
<doc>Pauses the test executed for the given time.</doc>
<msg timestamp="20220407 17:45:15.408" level="INFO">Slept 2 seconds</msg>
<status status="PASS" starttime="20220407 17:45:13.406" endtime="20220407 17:45:15.408"/>
</kw>
<doc>searching products on flipkart</doc>
<tag>flipkart</tag>
<status status="PASS" starttime="20220407 17:45:11.104" endtime="20220407 17:45:15.409"/>
</test>
<test id="s1-t3" name="Flipkart product selection" line="24">
<kw name="Click Element" library="SeleniumLibrary">
<arg>xpath=//html/body/div[1]/div/div[3]/div[1]/div[2]/div[2]/div/div/div/a/div[2]/div[1]/div[1]</arg>
<doc>Click the element identified by ``locator``.</doc>
<msg timestamp="20220407 17:45:15.410" level="INFO">Clicking element 'xpath=//html/body/div[1]/div/div[3]/div[1]/div[2]/div[2]/div/div/div/a/div[2]/div[1]/div[1]'.</msg>
<status status="PASS" starttime="20220407 17:45:15.410" endtime="20220407 17:45:15.477"/>
</kw>
<kw name="Sleep" library="BuiltIn">
<arg>2s</arg>
<doc>Pauses the test executed for the given time.</doc>
<msg timestamp="20220407 17:45:17.478" level="INFO">Slept 2 seconds</msg>
<status status="PASS" starttime="20220407 17:45:15.477" endtime="20220407 17:45:17.478"/>
</kw>
<doc>selecting product</doc>
<tag>flipkart</tag>
<status status="PASS" starttime="20220407 17:45:15.409" endtime="20220407 17:45:17.478"/>
</test>
<test id="s1-t4" name="Flipkart product buy" line="29">
<kw name="Switch Window" library="SeleniumLibrary">
<arg>title:APPLE iPhone 13 ( 128 GB GB Storage, 0 GB RAM ) Online at Best Price On Flipkart.com</arg>
<doc>Switches to browser window matching ``locator``.</doc>
<status status="PASS" starttime="20220407 17:45:17.480" endtime="20220407 17:45:17.632"/>
</kw>
<kw name="Click Button" library="SeleniumLibrary">
<arg>xpath=//html/body/div[1]/div/div[3]/div[1]/div[1]/div[2]/div/ul/li[2]/form/button</arg>
<doc>Clicks the button identified by ``locator``.</doc>
<msg timestamp="20220407 17:45:17.633" level="INFO">Clicking button 'xpath=//html/body/div[1]/div/div[3]/div[1]/div[1]/div[2]/div/ul/li[2]/form/button'.</msg>
<status status="PASS" starttime="20220407 17:45:17.633" endtime="20220407 17:45:17.705"/>
</kw>
<kw name="Sleep" library="BuiltIn">
<arg>5s</arg>
<doc>Pauses the test executed for the given time.</doc>
<msg timestamp="20220407 17:45:22.707" level="INFO">Slept 5 seconds</msg>
<status status="PASS" starttime="20220407 17:45:17.705" endtime="20220407 17:45:22.707"/>
</kw>
<doc>product purchase</doc>
<tag>flipkart</tag>
<status status="PASS" starttime="20220407 17:45:17.479" endtime="20220407 17:45:22.707"/>
</test>
<test id="s1-t5" name="Flipkart user login" line="36">
<kw name="Input Text" library="SeleniumLibrary">
<arg>class:_2IX_2-</arg>
<arg>test@gmail.com</arg>
<doc>Types the given ``text`` into the text field identified by ``locator``.</doc>
<msg timestamp="20220407 17:45:22.709" level="INFO">Typing text 'test@gmail.com' into text field 'class:_2IX_2-'.</msg>
<status status="PASS" starttime="20220407 17:45:22.709" endtime="20220407 17:45:22.818"/>
</kw>
<kw name="Click Button" library="SeleniumLibrary">
<arg>xpath=//html/body/div[1]/div/div[2]/div/div[1]/div[1]/div/div/div/div/div[1]/div/form/div[3]/button</arg>
<doc>Clicks the button identified by ``locator``.</doc>
<msg timestamp="20220407 17:45:22.819" level="INFO">Clicking button 'xpath=//html/body/div[1]/div/div[2]/div/div[1]/div[1]/div/div/div/div/div[1]/div/form/div[3]/button'.</msg>
<status status="PASS" starttime="20220407 17:45:22.818" endtime="20220407 17:45:22.899"/>
</kw>
<kw name="Sleep" library="BuiltIn">
<arg>5s</arg>
<doc>Pauses the test executed for the given time.</doc>
<msg timestamp="20220407 17:45:27.900" level="INFO">Slept 5 seconds</msg>
<status status="PASS" starttime="20220407 17:45:22.899" endtime="20220407 17:45:27.900"/>
</kw>
<kw name="stop test case" library="mykeywords">
<kw name="Close Browser" library="SeleniumLibrary">
<doc>Closes the current browser.</doc>
<status status="PASS" starttime="20220407 17:45:27.901" endtime="20220407 17:45:28.079"/>
</kw>
<status status="PASS" starttime="20220407 17:45:27.900" endtime="20220407 17:45:28.079"/>
</kw>
<doc>login</doc>
<tag>flipkart</tag>
<status status="PASS" starttime="20220407 17:45:22.708" endtime="20220407 17:45:28.079"/>
</test>
<status status="PASS" starttime="20220407 17:45:02.936" endtime="20220407 17:45:28.080"/>
</suite>
<statistics>
<total>
<stat pass="5" fail="0" skip="0">All Tests</stat>
</total>
<tag>
<stat pass="4" fail="0" skip="0">flipkart</stat>
<stat pass="1" fail="0" skip="0">google</stat>
</tag>
<suite>
<stat pass="5" fail="0" skip="0" id="s1" name="Shopping">Shopping</stat>
</suite>
</statistics>
<errors>
</errors>
</robot>
