<?xml version="1.0" encoding="UTF-8"?>
<robot generator="Robot 5.0 (Python 3.6.6 on darwin)" generated="20220407 17:34:45.521" rpa="false" schemaversion="3">
<suite id="s1" name="Shopping" source="/Users/anish/PycharmProjects/RobotFw/Tests/Flipkart/FunctionalTestSuite/shopping.robot">
<test id="s1-t1" name="Google search" line="10">
<kw name="start test case">
<kw name="Open Browser" library="SeleniumLibrary">
<arg>${url}</arg>
<arg>chrome</arg>
<doc>Opens a new browser instance to the optional ``url``.</doc>
<msg timestamp="20220407 17:34:45.776" level="INFO">Opening browser 'chrome' to base url 'https://www.google.com/'.</msg>
<status status="PASS" starttime="20220407 17:34:45.776" endtime="20220407 17:34:51.429"/>
</kw>
<kw name="Maximize Browser Window" library="SeleniumLibrary">
<doc>Maximizes current browser window.</doc>
<status status="PASS" starttime="20220407 17:34:51.429" endtime="20220407 17:34:51.568"/>
</kw>
<status status="PASS" starttime="20220407 17:34:45.775" endtime="20220407 17:34:51.568"/>
</kw>
<kw name="Input Text" library="SeleniumLibrary">
<arg>name:q</arg>
<arg>${search_flipkart}</arg>
<doc>Types the given ``text`` into the text field identified by ``locator``.</doc>
<msg timestamp="20220407 17:34:51.570" level="INFO">Typing text 'Flipkart' into text field 'name:q'.</msg>
<status status="PASS" starttime="20220407 17:34:51.569" endtime="20220407 17:34:51.824"/>
</kw>
<kw name="Submit Form" library="SeleniumLibrary">
<doc>Submits a form identified by ``locator``.</doc>
<msg timestamp="20220407 17:34:51.825" level="INFO">Submitting form 'None'.</msg>
<status status="PASS" starttime="20220407 17:34:51.825" endtime="20220407 17:34:53.474"/>
</kw>
<kw name="Click Element" library="SeleniumLibrary">
<arg>class:LC20lb</arg>
<doc>Click the element identified by ``locator``.</doc>
<msg timestamp="20220407 17:34:53.474" level="INFO">Clicking element 'class:LC20lb'.</msg>
<status status="PASS" starttime="20220407 17:34:53.474" endtime="20220407 17:34:55.153"/>
</kw>
<doc>google search test</doc>
<tag>google</tag>
<status status="PASS" starttime="20220407 17:34:45.774" endtime="20220407 17:34:55.154"/>
</test>
<test id="s1-t2" name="Flipkart product search" line="18">
<kw name="Sleep" library="BuiltIn">
<arg>2s</arg>
<doc>Pauses the test executed for the given time.</doc>
<msg timestamp="20220407 17:34:57.158" level="INFO">Slept 2 seconds</msg>
<status status="PASS" starttime="20220407 17:34:55.156" endtime="20220407 17:34:57.158"/>
</kw>
<kw name="Click Button" library="SeleniumLibrary">
<arg>class:_2KpZ6l</arg>
<doc>Clicks the button identified by ``locator``.</doc>
<msg timestamp="20220407 17:34:57.159" level="INFO">Clicking button 'class:_2KpZ6l'.</msg>
<status status="PASS" starttime="20220407 17:34:57.159" endtime="20220407 17:34:57.344"/>
</kw>
<kw name="flipkart search">
<kw name="Input Text" library="SeleniumLibrary">
<arg>name:q</arg>
<arg>${search_product}</arg>
<doc>Types the given ``text`` into the text field identified by ``locator``.</doc>
<msg timestamp="20220407 17:34:57.345" level="INFO">Typing text 'iphone13' into text field 'name:q'.</msg>
<status status="PASS" starttime="20220407 17:34:57.345" endtime="20220407 17:34:57.448"/>
</kw>
<kw name="Click Button" library="SeleniumLibrary">
<arg>class:L0Z3Pu</arg>
<doc>Clicks the button identified by ``locator``.</doc>
<msg timestamp="20220407 17:34:57.448" level="INFO">Clicking button 'class:L0Z3Pu'.</msg>
<status status="PASS" starttime="20220407 17:34:57.448" endtime="20220407 17:34:57.567"/>
</kw>
<status status="PASS" starttime="20220407 17:34:57.344" endtime="20220407 17:34:57.567"/>
</kw>
<kw name="Sleep" library="BuiltIn">
<arg>2s</arg>
<doc>Pauses the test executed for the given time.</doc>
<msg timestamp="20220407 17:34:59.569" level="INFO">Slept 2 seconds</msg>
<status status="PASS" starttime="20220407 17:34:57.567" endtime="20220407 17:34:59.569"/>
</kw>
<doc>searching products on flipkart</doc>
<tag>flipkart</tag>
<status status="PASS" starttime="20220407 17:34:55.155" endtime="20220407 17:34:59.569"/>
</test>
<test id="s1-t3" name="Flipkart product selection" line="25">
<kw name="Click Element" library="SeleniumLibrary">
<arg>xpath=//html/body/div[1]/div/div[3]/div[1]/div[2]/div[2]/div/div/div/a/div[2]/div[1]/div[1]</arg>
<doc>Click the element identified by ``locator``.</doc>
<msg timestamp="20220407 17:34:59.571" level="INFO">Clicking element 'xpath=//html/body/div[1]/div/div[3]/div[1]/div[2]/div[2]/div/div/div/a/div[2]/div[1]/div[1]'.</msg>
<status status="PASS" starttime="20220407 17:34:59.571" endtime="20220407 17:34:59.677"/>
</kw>
<kw name="Sleep" library="BuiltIn">
<arg>2s</arg>
<doc>Pauses the test executed for the given time.</doc>
<msg timestamp="20220407 17:35:01.679" level="INFO">Slept 2 seconds</msg>
<status status="PASS" starttime="20220407 17:34:59.677" endtime="20220407 17:35:01.680"/>
</kw>
<doc>selecting product</doc>
<tag>flipkart</tag>
<status status="PASS" starttime="20220407 17:34:59.570" endtime="20220407 17:35:01.680"/>
</test>
<test id="s1-t4" name="Flipkart product buy" line="30">
<kw name="Switch Window" library="SeleniumLibrary">
<arg>title:APPLE iPhone 13 ( 128 GB GB Storage, 0 GB RAM ) Online at Best Price On Flipkart.com</arg>
<doc>Switches to browser window matching ``locator``.</doc>
<status status="PASS" starttime="20220407 17:35:01.681" endtime="20220407 17:35:02.258"/>
</kw>
<kw name="Click Button" library="SeleniumLibrary">
<arg>xpath=//html/body/div[1]/div/div[3]/div[1]/div[1]/div[2]/div/ul/li[2]/form/button</arg>
<doc>Clicks the button identified by ``locator``.</doc>
<msg timestamp="20220407 17:35:02.258" level="INFO">Clicking button 'xpath=//html/body/div[1]/div/div[3]/div[1]/div[1]/div[2]/div/ul/li[2]/form/button'.</msg>
<status status="PASS" starttime="20220407 17:35:02.258" endtime="20220407 17:35:02.331"/>
</kw>
<kw name="Sleep" library="BuiltIn">
<arg>5s</arg>
<doc>Pauses the test executed for the given time.</doc>
<msg timestamp="20220407 17:35:07.332" level="INFO">Slept 5 seconds</msg>
<status status="PASS" starttime="20220407 17:35:02.331" endtime="20220407 17:35:07.332"/>
</kw>
<doc>product purchase</doc>
<tag>flipkart</tag>
<status status="PASS" starttime="20220407 17:35:01.680" endtime="20220407 17:35:07.333"/>
</test>
<test id="s1-t5" name="Flipkart user login" line="37">
<kw name="Input Text" library="SeleniumLibrary">
<arg>class:_2IX_2-</arg>
<arg>test@gmail.com</arg>
<doc>Types the given ``text`` into the text field identified by ``locator``.</doc>
<msg timestamp="20220407 17:35:07.334" level="INFO">Typing text 'test@gmail.com' into text field 'class:_2IX_2-'.</msg>
<status status="PASS" starttime="20220407 17:35:07.334" endtime="20220407 17:35:07.436"/>
</kw>
<kw name="Click Button" library="SeleniumLibrary">
<arg>xpath=//html/body/div[1]/div/div[2]/div/div[1]/div[1]/div/div/div/div/div[1]/div/form/div[3]/button</arg>
<doc>Clicks the button identified by ``locator``.</doc>
<msg timestamp="20220407 17:35:07.436" level="INFO">Clicking button 'xpath=//html/body/div[1]/div/div[2]/div/div[1]/div[1]/div/div/div/div/div[1]/div/form/div[3]/button'.</msg>
<status status="PASS" starttime="20220407 17:35:07.436" endtime="20220407 17:35:07.518"/>
</kw>
<kw name="Sleep" library="BuiltIn">
<arg>5s</arg>
<doc>Pauses the test executed for the given time.</doc>
<msg timestamp="20220407 17:35:12.521" level="INFO">Slept 5 seconds</msg>
<status status="PASS" starttime="20220407 17:35:07.519" endtime="20220407 17:35:12.521"/>
</kw>
<kw name="stop test case">
<kw name="Close Browser" library="SeleniumLibrary">
<doc>Closes the current browser.</doc>
<status status="PASS" starttime="20220407 17:35:12.522" endtime="20220407 17:35:12.708"/>
</kw>
<status status="PASS" starttime="20220407 17:35:12.521" endtime="20220407 17:35:12.709"/>
</kw>
<doc>login</doc>
<tag>flipkart</tag>
<status status="PASS" starttime="20220407 17:35:07.333" endtime="20220407 17:35:12.709"/>
</test>
<status status="PASS" starttime="20220407 17:34:45.523" endtime="20220407 17:35:12.710"/>
</suite>
<statistics>
<total>
<stat pass="5" fail="0" skip="0">All Tests</stat>
</total>
<tag>
<stat pass="4" fail="0" skip="0">flipkart</stat>
<stat pass="1" fail="0" skip="0">google</stat>
</tag>
<suite>
<stat pass="5" fail="0" skip="0" id="s1" name="Shopping">Shopping</stat>
</suite>
</statistics>
<errors>
</errors>
</robot>
